[debug] [2020-10-06T22:56:43.892Z] ----------------------------------------------------------------------
[debug] [2020-10-06T22:56:43.893Z] Command:       C:\Program Files\nodejs\node.exe C:\Users\jaime\AppData\Roaming\npm\node_modules\firebase-tools\lib\bin\firebase.js init
[debug] [2020-10-06T22:56:43.893Z] CLI Version:   8.12.0
[debug] [2020-10-06T22:56:43.893Z] Platform:      win32
[debug] [2020-10-06T22:56:43.893Z] Node Version:  v12.18.3
[debug] [2020-10-06T22:56:43.894Z] Time:          Tue Oct 06 2020 16:56:43 GMT-0600 (GMT-06:00)
[debug] [2020-10-06T22:56:43.895Z] ----------------------------------------------------------------------
[debug] [2020-10-06T22:56:43.895Z] 
[debug] [2020-10-06T22:56:43.899Z] > command requires scopes: ["email","openid","https://www.googleapis.com/auth/cloudplatformprojects.readonly","https://www.googleapis.com/auth/firebase","https://www.googleapis.com/auth/cloud-platform"]
[debug] [2020-10-06T22:56:43.899Z] > authorizing via signed-in user
[info] 
     ######## #### ########  ######## ########     ###     ######  ########
     ##        ##  ##     ## ##       ##     ##  ##   ##  ##       ##
     ######    ##  ########  ######   ########  #########  ######  ######
     ##        ##  ##    ##  ##       ##     ## ##     ##       ## ##
     ##       #### ##     ## ######## ########  ##     ##  ######  ########

You're about to initialize a Firebase project in this directory:

  C:\xampp\htdocs\desafio-practico-2-dps\desafiopractico2

Before we get started, keep in mind:

  * You are currently outside your home directory
  * You are initializing in an existing Firebase project directory

